<?xml version="1.0" encoding="UTF-8"?>
<!-- Generated by org.testng.reporters.JUnitReportReporter -->
<testsuite hostname="DESKTOP-OUT6V2T" failures="0" tests="1" name="practiceMaven.sampleTest" time="0.003" errors="0" timestamp="2024-01-24T11:33:19 IST" skipped="0">
  <testcase classname="practiceMaven.sampleTest" name="script3Test" time="0.003"/>
</testsuite> <!-- practiceMaven.sampleTest -->
