<?xml version="1.0" encoding="UTF-8"?>
<!-- Generated by org.testng.reporters.JUnitReportReporter -->
<testsuite hostname="DESKTOP-OUT6V2T" failures="0" tests="1" name="practiceMaven.DemoTest" time="0.002" errors="0" timestamp="2024-01-24T11:23:56 IST" skipped="0">
  <testcase classname="practiceMaven.DemoTest" name="script1Test" time="0.002"/>
</testsuite> <!-- practiceMaven.DemoTest -->
